<testng-results>
  <reporter-output>
  </reporter-output>
  <suite name="QuickLookTests">
    <groups>
      <group name="functional">
        <method signature="fromjava.client.CheckTesterUITestNG.testAddNumbers()" name="testAddNumbers" class="fromjava.client.CheckTesterUITestNG"/>
        <method signature="fromjava.client.CheckTesterUITestNG.testTesterUI()" name="testTesterUI" class="fromjava.client.CheckTesterUITestNG"/>
      </group>
    </groups>
    <test name="wsit_jaxws_tests">
      <class name="fromjava.client.CheckTesterUITestNG">
        <test-method status="PASS" signature="testTesterUI()" name="testTesterUI" duration-ms="1657" started-at="2017-09-08T17:40:08Z" finished-at="2017-09-08T17:40:09Z">
        </test-method>
        <test-method status="PASS" signature="loadClass()" name="loadClass" is-config="true" duration-ms="416" started-at="2017-09-08T17:40:07Z" finished-at="2017-09-08T17:40:07Z">
        </test-method>
        <test-method status="PASS" signature="testAddNumbers()" name="testAddNumbers" duration-ms="102" started-at="2017-09-08T17:40:08Z" finished-at="2017-09-08T17:40:08Z">
        </test-method>
      </class>
    </test>
  </suite>
</testng-results>
